
DESKTOP-EN1H52F (Client)	Fri Aug 18 15:43:00 2017
	INET/inet_error: send errno = 10054


DESKTOP-EN1H52F (Client)	Fri Aug 18 15:43:00 2017
	REMOTE INTERFACE/gds__detach: Unsuccesful detach from database. 
	Uncommitted work may have been lost


DESKTOP-EN1H52F (Client)	Fri Aug 18 15:43:00 2017
	INET/inet_error: send errno = 10054


DESKTOP-EN1H52F (Client)	Fri Aug 18 15:43:00 2017
	REMOTE INTERFACE/gds__detach: Unsuccesful detach from database. 
	Uncommitted work may have been lost


DESKTOP-EN1H52F (Client)	Mon Sep 04 13:28:55 2017
	INET/inet_error: send errno = 10054


DESKTOP-EN1H52F (Client)	Mon Sep 04 13:28:55 2017
	REMOTE INTERFACE/gds__detach: Unsuccesful detach from database. 
	Uncommitted work may have been lost


DESKTOP-EN1H52F (Client)	Tue Sep 12 08:24:12 2017
	INET/inet_error: send errno = 10054


DESKTOP-EN1H52F (Client)	Tue Sep 12 08:24:12 2017
	REMOTE INTERFACE/gds__detach: Unsuccesful detach from database. 
	Uncommitted work may have been lost


DESKTOP-EN1H52F (Client)	Tue Sep 12 08:24:12 2017
	INET/inet_error: send errno = 10054


DESKTOP-EN1H52F (Client)	Tue Sep 12 08:24:12 2017
	REMOTE INTERFACE/gds__detach: Unsuccesful detach from database. 
	Uncommitted work may have been lost


DESKTOP-EN1H52F (Client)	Thu Sep 14 07:43:50 2017
	INET/inet_error: send errno = 10054


DESKTOP-EN1H52F (Client)	Thu Sep 14 07:43:50 2017
	REMOTE INTERFACE/gds__detach: Unsuccesful detach from database. 
	Uncommitted work may have been lost


DESKTOP-EN1H52F (Client)	Thu Sep 14 07:43:50 2017
	INET/inet_error: send errno = 10054


DESKTOP-EN1H52F (Client)	Thu Sep 14 07:43:50 2017
	REMOTE INTERFACE/gds__detach: Unsuccesful detach from database. 
	Uncommitted work may have been lost

